<?xml version="1.0" encoding="UTF-8"?>
<testsuite name="CalculatorServiceTests" tests="9" skipped="0" failures="0" errors="0" timestamp="2021-11-29T17:21:45" hostname="ilegra-550XDA" time="0.254">
  <properties/>
  <testcase name="shouldReturnHistoryTest()" classname="CalculatorServiceTests" time="0.178"/>
  <testcase name="shouldReturnResultExpectedWhenMultiplicationTest()" classname="CalculatorServiceTests" time="0.008"/>
  <testcase name="shouldReturnResultExpectedWhenSumTest()" classname="CalculatorServiceTests" time="0.008"/>
  <testcase name="shouldReturnResultExpectedWhenDivisionTest()" classname="CalculatorServiceTests" time="0.02"/>
  <testcase name="shouldReturnResultExpectedWhenSubtractionTest()" classname="CalculatorServiceTests" time="0.009"/>
  <testcase name="shouldReturnNotFoundOperationTest()" classname="CalculatorServiceTests" time="0.008"/>
  <testcase name="shouldReturnCannotDivideByZeroTest()" classname="CalculatorServiceTests" time="0.006"/>
  <testcase name="shouldReturnResultExpectedWhenPowTest()" classname="CalculatorServiceTests" time="0.006"/>
  <testcase name="shouldReturnNoOperationWhenNoHistoryTest()" classname="CalculatorServiceTests" time="0.006"/>
  <system-out><![CDATA[]]></system-out>
  <system-err><![CDATA[]]></system-err>
</testsuite>
